<?xml version="1.0" encoding="UTF-8"?>
<!-- Generated by org.testng.reporters.JUnitReportReporter -->
<testsuite skipped="0" hostname="Apple-PC" name="SeleniumAutomation.Amazon.SearchitemTest" tests="3" failures="0" timestamp="06 Jul 2019 19:12:34 GMT" time="26.286" errors="0">
  <testcase name="searchitem" time="6.382" classname="SeleniumAutomation.Amazon.SearchitemTest"/>
  <testcase name="searchitem" time="7.273" classname="SeleniumAutomation.Amazon.SearchitemTest"/>
  <testcase name="searchitem" time="12.631" classname="SeleniumAutomation.Amazon.SearchitemTest"/>
</testsuite> <!-- SeleniumAutomation.Amazon.SearchitemTest -->
