<?xml version="1.0" encoding="UTF-8"?>
<!-- Generated by org.testng.reporters.JUnitReportReporter -->
<testsuite skipped="0" hostname="Apple-PC" name="SeleniumAutomation.Amazon.HomepageTest" tests="1" failures="0" timestamp="06 Jul 2019 19:12:34 GMT" time="19.015" errors="0">
  <testcase name="basePage" time="19.015" classname="SeleniumAutomation.Amazon.HomepageTest"/>
</testsuite> <!-- SeleniumAutomation.Amazon.HomepageTest -->
