<?xml version="1.0" encoding="UTF-8"?>
<!-- Generated by org.testng.reporters.JUnitReportReporter -->
<testsuite skipped="0" hostname="Apple-PC" name="SeleniumAutomation.Amazon.Homepage" tests="1" failures="0" timestamp="05 Jul 2019 18:22:08 GMT" time="7.995" errors="0">
  <testcase name="basePage" time="7.995" classname="SeleniumAutomation.Amazon.Homepage"/>
</testsuite> <!-- SeleniumAutomation.Amazon.Homepage -->
