<?xml version="1.0" encoding="UTF-8"?>
<!-- Generated by org.testng.reporters.JUnitReportReporter -->
<testsuite skipped="0" hostname="Apple-PC" name="SeleniumAutomation.Amazon.buyFerrariTest" tests="1" failures="0" timestamp="06 Jul 2019 19:12:34 GMT" time="6.662" errors="0">
  <testcase name="f" time="6.662" classname="SeleniumAutomation.Amazon.buyFerrariTest"/>
</testsuite> <!-- SeleniumAutomation.Amazon.buyFerrariTest -->
